<?xml version="1.0" encoding="UTF-8"?>
<!-- Generated by org.testng.reporters.JUnitXMLReporter -->
<testsuite ignored="0" hostname="Tejaswi" failures="0" tests="2" name="Default test" time="32.868" errors="0" timestamp="2024-09-09T09:47:38 CDT">
  <testcase classname="amazon.ProjectOne.Testcase2_for_Loginwith_CorrectCredentials" name="login" time="10.046">
    <skipped/>
  </testcase> <!-- login -->
  <testcase classname="amazon.ProjectOne.Testcase2_for_Loginwith_CorrectCredentials" name="login" time="7.274"/>
</testsuite> <!-- Default test -->
