<?xml version="1.0" encoding="UTF-8"?>
<!-- Generated by org.testng.reporters.JUnitXMLReporter -->
<testsuite ignored="0" hostname="Tejaswi" failures="0" tests="9" name="Test" time="163.811" errors="0" timestamp="2024-09-09T14:29:19 CDT">
  <testcase classname="amazon.ProjectOne.Testcase7_Productdetailspage" name="prdctdet" time="3.642"/>
  <testcase classname="amazon.ProjectOne.Testcase9_addingToCart" name="addingtocart" time="8.99"/>
  <testcase classname="amazon.ProjectOne.Testcase15_ReachCartPage" name="cartpagewithoutlogin" time="9.425"/>
  <testcase classname="amazon.ProjectOne.Testcase12_Paymentmethod" name="paymentsmethod" time="21.512"/>
  <testcase classname="amazon.ProjectOne.Testcase6_searchingWithFilters" name="filters" time="14.248">
    <skipped/>
  </testcase> <!-- filters -->
  <testcase classname="amazon.ProjectOne.Testcase6_searchingWithFilters" name="filters" time="9.532"/>
  <testcase classname="amazon.ProjectOne.Testcase8_sortby_Relevance_Price_Rating" name="sortbyprice" time="7.653"/>
  <testcase classname="amazon.ProjectOne.Testcase2_for_Loginwith_CorrectCredentials" name="login" time="5.039"/>
  <testcase classname="amazon.ProjectOne.Testcase5_searchingshoe" name="search" time="2.3"/>
</testsuite> <!-- Test -->
