<?xml version="1.0" encoding="UTF-8"?>
<!-- Generated by org.testng.reporters.JUnitXMLReporter -->
<testsuite ignored="0" hostname="Tejaswi" failures="0" tests="7" name="Test" time="104.034" errors="0" timestamp="2024-08-29T16:51:26 CDT">
  <testcase classname="amazon.ProjectOne.Testcase2_for_Loginwith_CorrectCredentials" name="login" time="10.083">
    <skipped/>
  </testcase> <!-- login -->
  <testcase classname="amazon.ProjectOne.Testcase2_for_Loginwith_CorrectCredentials" name="login" time="9.188"/>
  <testcase classname="amazon.ProjectOne.Testcase9_addingToCart" name="addingtocart" time="6.174"/>
  <testcase classname="amazon.ProjectOne.Testcase15_ReachCartPage" name="cartpagewithoutlogin" time="10.186"/>
  <testcase classname="amazon.ProjectOne.Testcase10_CartQuantitles" name="cartquantity" time="7.629"/>
  <testcase classname="amazon.ProjectOne.Testcase8_sortby_Relevance_Price_Rating" name="sortbyprice" time="3.468"/>
  <testcase classname="amazon.ProjectOne.Testcase5_searchingshoe" name="search" time="2.405"/>
</testsuite> <!-- Test -->
