<?xml version="1.0" encoding="UTF-8"?>
<!-- Generated by org.testng.reporters.JUnitXMLReporter -->
<testsuite ignored="0" hostname="Tejaswi" failures="0" tests="9" name="Test" time="148.184" errors="0" timestamp="2024-09-09T14:34:09 CDT">
  <testcase classname="amazon.ProjectOne.Testcase7_Productdetailspage" name="prdctdet" time="3.205"/>
  <testcase classname="amazon.ProjectOne.Testcase9_addingToCart" name="addingtocart" time="6.976"/>
  <testcase classname="amazon.ProjectOne.Testcase15_ReachCartPage" name="cartpagewithoutlogin" time="10.358"/>
  <testcase classname="amazon.ProjectOne.Testcase12_Paymentmethod" name="paymentsmethod" time="20.235"/>
  <testcase classname="amazon.ProjectOne.Testcase6_searchingWithFilters" name="filters" time="8.639"/>
  <testcase classname="amazon.ProjectOne.Testcase8_sortby_Relevance_Price_Rating" name="sortbyprice" time="2.901"/>
  <testcase classname="amazon.ProjectOne.Testcase2_for_Loginwith_CorrectCredentials" name="login" time="4.237">
    <skipped/>
  </testcase> <!-- login -->
  <testcase classname="amazon.ProjectOne.Testcase2_for_Loginwith_CorrectCredentials" name="login" time="6.007"/>
  <testcase classname="amazon.ProjectOne.Testcase5_searchingshoe" name="search" time="2.799"/>
</testsuite> <!-- Test -->
