<?xml version="1.0" encoding="UTF-8"?>
<!-- Generated by org.testng.reporters.JUnitXMLReporter -->
<testsuite ignored="0" hostname="Tejaswi" failures="0" tests="7" name="Test" time="107.518" errors="0" timestamp="2024-08-30T22:46:13 CDT">
  <testcase classname="amazon.ProjectOne.Testcase2_for_Loginwith_CorrectCredentials" name="login" time="7.677"/>
  <testcase classname="amazon.ProjectOne.Testcase9_addingToCart" name="addingtocart" time="6.979"/>
  <testcase classname="amazon.ProjectOne.Testcase15_ReachCartPage" name="cartpagewithoutlogin" time="9.719"/>
  <testcase classname="amazon.ProjectOne.Testcase10_CartQuantitles" name="cartquantity" time="9.374"/>
  <testcase classname="amazon.ProjectOne.Testcase8_sortby_Relevance_Price_Rating" name="sortbyprice" time="10.082">
    <skipped/>
  </testcase> <!-- sortbyprice -->
  <testcase classname="amazon.ProjectOne.Testcase8_sortby_Relevance_Price_Rating" name="sortbyprice" time="4.837"/>
  <testcase classname="amazon.ProjectOne.Testcase5_searchingshoe" name="search" time="0.717"/>
</testsuite> <!-- Test -->
