<?xml version="1.0" encoding="UTF-8"?>
<testng-results retried="1" ignored="1" total="8" passed="6" failed="0" skipped="0">
  <reporter-output>
    <line>
      <![CDATA[Test case is pass]]>
    </line>
    <line>
      <![CDATA[Test case is pass]]>
    </line>
    <line>
      <![CDATA[Test case is pass]]>
    </line>
    <line>
      <![CDATA[Test case is pass]]>
    </line>
    <line>
      <![CDATA[Test case is pass]]>
    </line>
    <line>
      <![CDATA[Test case is pass]]>
    </line>
  </reporter-output>
  <suite started-at="2024-08-30T22:44:25 CDT" name="Suite" finished-at="2024-08-30T22:46:13 CDT" duration-ms="107518">
    <groups>
    </groups>
    <test started-at="2024-08-30T22:44:25 CDT" name="Test" finished-at="2024-08-30T22:46:13 CDT" duration-ms="107518">
      <class name="amazon.ProjectOne.Testcase15_ReachCartPage">
        <test-method is-config="true" signature="launch_browser()[pri:0, instance:amazon.ProjectOne.Testcase15_ReachCartPage@7d4f9aae]" started-at="2024-08-30T22:44:57 CDT" name="launch_browser" finished-at="2024-08-30T22:45:00 CDT" duration-ms="2545" status="PASS">
          <reporter-output>
          </reporter-output>
        </test-method> <!-- launch_browser -->
        <test-method signature="cartpagewithoutlogin()[pri:0, instance:amazon.ProjectOne.Testcase15_ReachCartPage@7d4f9aae]" started-at="2024-08-30T22:45:00 CDT" name="cartpagewithoutlogin" finished-at="2024-08-30T22:45:09 CDT" duration-ms="9719" status="PASS">
          <reporter-output>
            <line>
              <![CDATA[Test case is pass]]>
            </line>
          </reporter-output>
        </test-method> <!-- cartpagewithoutlogin -->
        <test-method is-config="true" signature="quit_browser()[pri:0, instance:amazon.ProjectOne.Testcase15_ReachCartPage@7d4f9aae]" started-at="2024-08-30T22:45:09 CDT" name="quit_browser" finished-at="2024-08-30T22:45:15 CDT" duration-ms="5311" status="PASS">
          <reporter-output>
          </reporter-output>
        </test-method> <!-- quit_browser -->
      </class> <!-- amazon.ProjectOne.Testcase15_ReachCartPage -->
      <class name="amazon.ProjectOne.Testcase9_addingToCart">
        <test-method is-config="true" signature="launch_browser()[pri:0, instance:amazon.ProjectOne.Testcase9_addingToCart@506ae4d4]" started-at="2024-08-30T22:44:42 CDT" name="launch_browser" finished-at="2024-08-30T22:44:44 CDT" duration-ms="2101" status="PASS">
          <reporter-output>
          </reporter-output>
        </test-method> <!-- launch_browser -->
        <test-method signature="addingtocart()[pri:0, instance:amazon.ProjectOne.Testcase9_addingToCart@506ae4d4]" started-at="2024-08-30T22:44:44 CDT" name="addingtocart" finished-at="2024-08-30T22:44:51 CDT" duration-ms="6979" status="PASS">
          <reporter-output>
            <line>
              <![CDATA[Test case is pass]]>
            </line>
          </reporter-output>
        </test-method> <!-- addingtocart -->
        <test-method is-config="true" signature="quit_browser()[pri:0, instance:amazon.ProjectOne.Testcase9_addingToCart@506ae4d4]" started-at="2024-08-30T22:44:52 CDT" name="quit_browser" finished-at="2024-08-30T22:44:57 CDT" duration-ms="5500" status="PASS">
          <reporter-output>
          </reporter-output>
        </test-method> <!-- quit_browser -->
      </class> <!-- amazon.ProjectOne.Testcase9_addingToCart -->
      <class name="amazon.ProjectOne.Testcase10_CartQuantitles">
        <test-method is-config="true" signature="launch_browser()[pri:0, instance:amazon.ProjectOne.Testcase10_CartQuantitles@72e5a8e]" started-at="2024-08-30T22:45:15 CDT" name="launch_browser" finished-at="2024-08-30T22:45:17 CDT" duration-ms="2124" status="PASS">
          <reporter-output>
          </reporter-output>
        </test-method> <!-- launch_browser -->
        <test-method signature="cartquantity()[pri:0, instance:amazon.ProjectOne.Testcase10_CartQuantitles@72e5a8e]" started-at="2024-08-30T22:45:17 CDT" name="cartquantity" finished-at="2024-08-30T22:45:26 CDT" duration-ms="9374" status="PASS">
          <reporter-output>
            <line>
              <![CDATA[Test case is pass]]>
            </line>
          </reporter-output>
        </test-method> <!-- cartquantity -->
        <test-method is-config="true" signature="quit_browser()[pri:0, instance:amazon.ProjectOne.Testcase10_CartQuantitles@72e5a8e]" started-at="2024-08-30T22:45:27 CDT" name="quit_browser" finished-at="2024-08-30T22:45:32 CDT" duration-ms="5385" status="PASS">
          <reporter-output>
          </reporter-output>
        </test-method> <!-- quit_browser -->
      </class> <!-- amazon.ProjectOne.Testcase10_CartQuantitles -->
      <class name="amazon.ProjectOne.Testcase8_sortby_Relevance_Price_Rating">
        <test-method is-config="true" signature="launch_browser()[pri:0, instance:amazon.ProjectOne.Testcase8_sortby_Relevance_Price_Rating@54e1c68b]" started-at="2024-08-30T22:45:32 CDT" name="launch_browser" finished-at="2024-08-30T22:45:34 CDT" duration-ms="2505" status="PASS">
          <reporter-output>
          </reporter-output>
        </test-method> <!-- launch_browser -->
        <test-method retried="true" signature="sortbyprice()[pri:0, instance:amazon.ProjectOne.Testcase8_sortby_Relevance_Price_Rating@54e1c68b]" started-at="2024-08-30T22:45:34 CDT" name="sortbyprice" finished-at="2024-08-30T22:45:44 CDT" duration-ms="10082" status="SKIP">
          <exception class="org.openqa.selenium.NoSuchElementException">
            <message>
              <![CDATA[no such element: Unable to locate element: {"method":"css selector","selector":"#twotabsearchtextbox"}
  (Session info: chrome=128.0.6613.113)
For documentation on this error, please visit: https://www.selenium.dev/documentation/webdriver/troubleshooting/errors#no-such-element-exception
Build info: version: '4.23.0', revision: '4df0a231af'
System info: os.name: 'Windows 11', os.arch: 'amd64', os.version: '10.0', java.version: '17.0.11'
Driver info: org.openqa.selenium.chrome.ChromeDriver
Command: [0e77535c4c1b915482a4e864f2b42116, findElement {value=twotabsearchtextbox, using=id}]
Capabilities {acceptInsecureCerts: false, browserName: chrome, browserVersion: 128.0.6613.113, chrome: {chromedriverVersion: 128.0.6613.86 (3045ed680fda..., userDataDir: C:\Users\banal\AppData\Loca...}, fedcm:accounts: true, goog:chromeOptions: {debuggerAddress: localhost:64426}, networkConnectionEnabled: false, pageLoadStrategy: normal, platformName: windows, proxy: Proxy(), se:cdp: ws://localhost:64426/devtoo..., se:cdpVersion: 128.0.6613.113, setWindowRect: true, strictFileInteractability: false, timeouts: {implicit: 0, pageLoad: 300000, script: 30000}, unhandledPromptBehavior: dismiss and notify, webauthn:extension:credBlob: true, webauthn:extension:largeBlob: true, webauthn:extension:minPinLength: true, webauthn:extension:prf: true, webauthn:virtualAuthenticators: true}
Session ID: 0e77535c4c1b915482a4e864f2b42116]]>
            </message>
            <full-stacktrace>
              <![CDATA[org.openqa.selenium.NoSuchElementException: no such element: Unable to locate element: {"method":"css selector","selector":"#twotabsearchtextbox"}
  (Session info: chrome=128.0.6613.113)
For documentation on this error, please visit: https://www.selenium.dev/documentation/webdriver/troubleshooting/errors#no-such-element-exception
Build info: version: '4.23.0', revision: '4df0a231af'
System info: os.name: 'Windows 11', os.arch: 'amd64', os.version: '10.0', java.version: '17.0.11'
Driver info: org.openqa.selenium.chrome.ChromeDriver
Command: [0e77535c4c1b915482a4e864f2b42116, findElement {value=twotabsearchtextbox, using=id}]
Capabilities {acceptInsecureCerts: false, browserName: chrome, browserVersion: 128.0.6613.113, chrome: {chromedriverVersion: 128.0.6613.86 (3045ed680fda..., userDataDir: C:\Users\banal\AppData\Loca...}, fedcm:accounts: true, goog:chromeOptions: {debuggerAddress: localhost:64426}, networkConnectionEnabled: false, pageLoadStrategy: normal, platformName: windows, proxy: Proxy(), se:cdp: ws://localhost:64426/devtoo..., se:cdpVersion: 128.0.6613.113, setWindowRect: true, strictFileInteractability: false, timeouts: {implicit: 0, pageLoad: 300000, script: 30000}, unhandledPromptBehavior: dismiss and notify, webauthn:extension:credBlob: true, webauthn:extension:largeBlob: true, webauthn:extension:minPinLength: true, webauthn:extension:prf: true, webauthn:virtualAuthenticators: true}
Session ID: 0e77535c4c1b915482a4e864f2b42116
at java.base/jdk.internal.reflect.NativeConstructorAccessorImpl.newInstance0(Native Method)
at java.base/jdk.internal.reflect.NativeConstructorAccessorImpl.newInstance(NativeConstructorAccessorImpl.java:77)
at java.base/jdk.internal.reflect.DelegatingConstructorAccessorImpl.newInstance(DelegatingConstructorAccessorImpl.java:45)
at java.base/java.lang.reflect.Constructor.newInstanceWithCaller(Constructor.java:499)
at java.base/java.lang.reflect.Constructor.newInstance(Constructor.java:480)
at org.openqa.selenium.remote.ErrorCodec.decode(ErrorCodec.java:167)
at org.openqa.selenium.remote.codec.w3c.W3CHttpResponseCodec.decode(W3CHttpResponseCodec.java:138)
at org.openqa.selenium.remote.codec.w3c.W3CHttpResponseCodec.decode(W3CHttpResponseCodec.java:50)
at org.openqa.selenium.remote.HttpCommandExecutor.execute(HttpCommandExecutor.java:190)
at org.openqa.selenium.remote.service.DriverCommandExecutor.invokeExecute(DriverCommandExecutor.java:216)
at org.openqa.selenium.remote.service.DriverCommandExecutor.execute(DriverCommandExecutor.java:174)
at org.openqa.selenium.remote.RemoteWebDriver.execute(RemoteWebDriver.java:527)
at org.openqa.selenium.remote.ElementLocation$ElementFinder$2.findElement(ElementLocation.java:165)
at org.openqa.selenium.remote.ElementLocation.findElement(ElementLocation.java:66)
at org.openqa.selenium.remote.RemoteWebDriver.findElement(RemoteWebDriver.java:357)
at org.openqa.selenium.remote.RemoteWebDriver.findElement(RemoteWebDriver.java:351)
at org.openqa.selenium.support.pagefactory.DefaultElementLocator.findElement(DefaultElementLocator.java:68)
at org.openqa.selenium.support.pagefactory.internal.LocatingElementHandler.invoke(LocatingElementHandler.java:38)
at jdk.proxy2/jdk.proxy2.$Proxy11.sendKeys(Unknown Source)
at amazon.ProjectOne.Home_Amazon.searchproduct(Home_Amazon.java:57)
at amazon.ProjectOne.Testcase8_sortby_Relevance_Price_Rating.sortbyprice(Testcase8_sortby_Relevance_Price_Rating.java:16)
at java.base/jdk.internal.reflect.NativeMethodAccessorImpl.invoke0(Native Method)
at java.base/jdk.internal.reflect.NativeMethodAccessorImpl.invoke(NativeMethodAccessorImpl.java:77)
at java.base/jdk.internal.reflect.DelegatingMethodAccessorImpl.invoke(DelegatingMethodAccessorImpl.java:43)
at java.base/java.lang.reflect.Method.invoke(Method.java:568)
at org.testng.internal.invokers.MethodInvocationHelper.invokeMethod(MethodInvocationHelper.java:139)
at org.testng.internal.invokers.TestInvoker.invokeMethod(TestInvoker.java:664)
at org.testng.internal.invokers.TestInvoker.invokeTestMethod(TestInvoker.java:227)
at org.testng.internal.invokers.MethodRunner.runInSequence(MethodRunner.java:50)
at org.testng.internal.invokers.TestInvoker$MethodInvocationAgent.invoke(TestInvoker.java:957)
at org.testng.internal.invokers.TestInvoker.invokeTestMethods(TestInvoker.java:200)
at org.testng.internal.invokers.TestMethodWorker.invokeTestMethods(TestMethodWorker.java:148)
at org.testng.internal.invokers.TestMethodWorker.run(TestMethodWorker.java:128)
at java.base/java.util.ArrayList.forEach(ArrayList.java:1511)
at org.testng.TestRunner.privateRun(TestRunner.java:848)
at org.testng.TestRunner.run(TestRunner.java:621)
at org.testng.SuiteRunner.runTest(SuiteRunner.java:443)
at org.testng.SuiteRunner.runSequentially(SuiteRunner.java:437)
at org.testng.SuiteRunner.privateRun(SuiteRunner.java:397)
at org.testng.SuiteRunner.run(SuiteRunner.java:336)
at org.testng.SuiteRunnerWorker.runSuite(SuiteRunnerWorker.java:52)
at org.testng.SuiteRunnerWorker.run(SuiteRunnerWorker.java:95)
at org.testng.TestNG.runSuitesSequentially(TestNG.java:1280)
at org.testng.TestNG.runSuitesLocally(TestNG.java:1200)
at org.testng.TestNG.runSuites(TestNG.java:1114)
at org.testng.TestNG.run(TestNG.java:1082)
at org.apache.maven.surefire.testng.TestNGExecutor.run(TestNGExecutor.java:324)
at org.apache.maven.surefire.testng.TestNGXmlTestSuite.execute(TestNGXmlTestSuite.java:74)
at org.apache.maven.surefire.testng.TestNGProvider.invoke(TestNGProvider.java:123)
at org.apache.maven.surefire.booter.ForkedBooter.runSuitesInProcess(ForkedBooter.java:456)
at org.apache.maven.surefire.booter.ForkedBooter.execute(ForkedBooter.java:169)
at org.apache.maven.surefire.booter.ForkedBooter.run(ForkedBooter.java:595)
at org.apache.maven.surefire.booter.ForkedBooter.main(ForkedBooter.java:581)
]]>
            </full-stacktrace>
          </exception> <!-- org.openqa.selenium.NoSuchElementException -->
          <reporter-output>
          </reporter-output>
        </test-method> <!-- sortbyprice -->
        <test-method is-config="true" signature="quit_browser()[pri:0, instance:amazon.ProjectOne.Testcase8_sortby_Relevance_Price_Rating@54e1c68b]" started-at="2024-08-30T22:45:44 CDT" name="quit_browser" finished-at="2024-08-30T22:45:50 CDT" duration-ms="5380" status="PASS">
          <reporter-output>
          </reporter-output>
        </test-method> <!-- quit_browser -->
        <test-method is-config="true" signature="launch_browser()[pri:0, instance:amazon.ProjectOne.Testcase8_sortby_Relevance_Price_Rating@54e1c68b]" started-at="2024-08-30T22:45:50 CDT" name="launch_browser" finished-at="2024-08-30T22:45:52 CDT" duration-ms="2612" status="PASS">
          <reporter-output>
          </reporter-output>
        </test-method> <!-- launch_browser -->
        <test-method signature="sortbyprice()[pri:0, instance:amazon.ProjectOne.Testcase8_sortby_Relevance_Price_Rating@54e1c68b]" started-at="2024-08-30T22:45:52 CDT" name="sortbyprice" finished-at="2024-08-30T22:45:57 CDT" duration-ms="4837" status="PASS">
          <reporter-output>
            <line>
              <![CDATA[Test case is pass]]>
            </line>
          </reporter-output>
        </test-method> <!-- sortbyprice -->
        <test-method is-config="true" signature="quit_browser()[pri:0, instance:amazon.ProjectOne.Testcase8_sortby_Relevance_Price_Rating@54e1c68b]" started-at="2024-08-30T22:45:57 CDT" name="quit_browser" finished-at="2024-08-30T22:46:03 CDT" duration-ms="5361" status="PASS">
          <reporter-output>
          </reporter-output>
        </test-method> <!-- quit_browser -->
      </class> <!-- amazon.ProjectOne.Testcase8_sortby_Relevance_Price_Rating -->
      <class name="amazon.ProjectOne.Testcase2_for_Loginwith_CorrectCredentials">
        <test-method is-config="true" signature="launch_browser()[pri:0, instance:amazon.ProjectOne.Testcase2_for_Loginwith_CorrectCredentials@434a63ab]" started-at="2024-08-30T22:44:25 CDT" name="launch_browser" finished-at="2024-08-30T22:44:29 CDT" duration-ms="3088" status="PASS">
          <reporter-output>
          </reporter-output>
        </test-method> <!-- launch_browser -->
        <test-method signature="login()[pri:0, instance:amazon.ProjectOne.Testcase2_for_Loginwith_CorrectCredentials@434a63ab]" started-at="2024-08-30T22:44:29 CDT" name="login" finished-at="2024-08-30T22:44:36 CDT" duration-ms="7677" status="PASS">
          <reporter-output>
            <line>
              <![CDATA[Test case is pass]]>
            </line>
          </reporter-output>
        </test-method> <!-- login -->
        <test-method is-config="true" signature="quit_browser()[pri:0, instance:amazon.ProjectOne.Testcase2_for_Loginwith_CorrectCredentials@434a63ab]" started-at="2024-08-30T22:44:37 CDT" name="quit_browser" finished-at="2024-08-30T22:44:42 CDT" duration-ms="5341" status="PASS">
          <reporter-output>
          </reporter-output>
        </test-method> <!-- quit_browser -->
      </class> <!-- amazon.ProjectOne.Testcase2_for_Loginwith_CorrectCredentials -->
      <class name="amazon.ProjectOne.Testcase5_searchingshoe">
        <test-method is-config="true" signature="launch_browser()[pri:0, instance:amazon.ProjectOne.Testcase5_searchingshoe@53aac487]" started-at="2024-08-30T22:46:03 CDT" name="launch_browser" finished-at="2024-08-30T22:46:05 CDT" duration-ms="2387" status="PASS">
          <reporter-output>
          </reporter-output>
        </test-method> <!-- launch_browser -->
        <test-method signature="search()[pri:0, instance:amazon.ProjectOne.Testcase5_searchingshoe@53aac487]" started-at="2024-08-30T22:46:05 CDT" name="search" finished-at="2024-08-30T22:46:06 CDT" duration-ms="717" status="PASS">
          <reporter-output>
            <line>
              <![CDATA[Test case is pass]]>
            </line>
          </reporter-output>
        </test-method> <!-- search -->
        <test-method is-config="true" signature="quit_browser()[pri:0, instance:amazon.ProjectOne.Testcase5_searchingshoe@53aac487]" started-at="2024-08-30T22:46:08 CDT" name="quit_browser" finished-at="2024-08-30T22:46:13 CDT" duration-ms="5314" status="PASS">
          <reporter-output>
          </reporter-output>
        </test-method> <!-- quit_browser -->
      </class> <!-- amazon.ProjectOne.Testcase5_searchingshoe -->
    </test> <!-- Test -->
  </suite> <!-- Suite -->
</testng-results>
